WARNING:root:WARNING: db outdated
DEBUG:urllib3.connectionpool:Starting new HTTPS connection (1): db.satnogs.org:443
DEBUG:urllib3.connectionpool:https://db.satnogs.org:443 "GET /api/satellites/?key=36ff1b885dafa497e93073092cdac1c9887e510c&format=json HTTP/1.1" 200 308662
DEBUG:urllib3.connectionpool:Starting new HTTPS connection (1): db.satnogs.org:443
DEBUG:urllib3.connectionpool:https://db.satnogs.org:443 "GET /api/transmitters/?key=36ff1b885dafa497e93073092cdac1c9887e510c&format=json HTTP/1.1" 200 794533
DEBUG:urllib3.connectionpool:Starting new HTTPS connection (1): db.satnogs.org:443
DEBUG:urllib3.connectionpool:https://db.satnogs.org:443 "GET /api/tle/?key=36ff1b885dafa497e93073092cdac1c9887e510c&format=json HTTP/1.1" 200 196301
INFO:root:LOGGING: writing to db
WARNING:root:WARNING: db outdated
DEBUG:urllib3.connectionpool:Starting new HTTPS connection (1): db.satnogs.org:443
DEBUG:urllib3.connectionpool:https://db.satnogs.org:443 "GET /api/satellites/?key=36ff1b885dafa497e93073092cdac1c9887e510c&format=json HTTP/1.1" 200 308662
DEBUG:urllib3.connectionpool:Starting new HTTPS connection (1): db.satnogs.org:443
DEBUG:urllib3.connectionpool:https://db.satnogs.org:443 "GET /api/transmitters/?key=36ff1b885dafa497e93073092cdac1c9887e510c&format=json HTTP/1.1" 200 794533
DEBUG:urllib3.connectionpool:Starting new HTTPS connection (1): db.satnogs.org:443
DEBUG:urllib3.connectionpool:https://db.satnogs.org:443 "GET /api/tle/?key=36ff1b885dafa497e93073092cdac1c9887e510c&format=json HTTP/1.1" 200 196301
INFO:root:LOGGING: writing to db
INFO:root:LOGGING: done writing to db
WARNING:root:WARNING: db outdated
DEBUG:urllib3.connectionpool:Starting new HTTPS connection (1): db.satnogs.org:443
DEBUG:urllib3.connectionpool:https://db.satnogs.org:443 "GET /api/satellites/?key=36ff1b885dafa497e93073092cdac1c9887e510c&format=json HTTP/1.1" 200 308662
DEBUG:urllib3.connectionpool:Starting new HTTPS connection (1): db.satnogs.org:443
DEBUG:urllib3.connectionpool:https://db.satnogs.org:443 "GET /api/transmitters/?key=36ff1b885dafa497e93073092cdac1c9887e510c&format=json HTTP/1.1" 200 794533
DEBUG:urllib3.connectionpool:Starting new HTTPS connection (1): db.satnogs.org:443
DEBUG:urllib3.connectionpool:https://db.satnogs.org:443 "GET /api/tle/?key=36ff1b885dafa497e93073092cdac1c9887e510c&format=json HTTP/1.1" 200 196301
INFO:root:LOGGING: writing to db
WARNING:root:WARNING: db outdated
DEBUG:urllib3.connectionpool:Starting new HTTPS connection (1): db.satnogs.org:443
DEBUG:urllib3.connectionpool:https://db.satnogs.org:443 "GET /api/satellites/?key=36ff1b885dafa497e93073092cdac1c9887e510c&format=json HTTP/1.1" 200 308662
DEBUG:urllib3.connectionpool:Starting new HTTPS connection (1): db.satnogs.org:443
DEBUG:urllib3.connectionpool:https://db.satnogs.org:443 "GET /api/transmitters/?key=36ff1b885dafa497e93073092cdac1c9887e510c&format=json HTTP/1.1" 200 794533
DEBUG:urllib3.connectionpool:Starting new HTTPS connection (1): db.satnogs.org:443
DEBUG:urllib3.connectionpool:https://db.satnogs.org:443 "GET /api/tle/?key=36ff1b885dafa497e93073092cdac1c9887e510c&format=json HTTP/1.1" 200 196301
INFO:root:LOGGING: writing to db
INFO:root:LOGGING: done writing to db
WARNING:root:WARNING: db outdated
DEBUG:urllib3.connectionpool:Starting new HTTPS connection (1): db.satnogs.org:443
DEBUG:urllib3.connectionpool:https://db.satnogs.org:443 "GET /api/satellites/?key=36ff1b885dafa497e93073092cdac1c9887e510c&format=json HTTP/1.1" 200 308662
DEBUG:urllib3.connectionpool:Starting new HTTPS connection (1): db.satnogs.org:443
DEBUG:urllib3.connectionpool:https://db.satnogs.org:443 "GET /api/transmitters/?key=36ff1b885dafa497e93073092cdac1c9887e510c&format=json HTTP/1.1" 200 794533
DEBUG:urllib3.connectionpool:Starting new HTTPS connection (1): db.satnogs.org:443
DEBUG:urllib3.connectionpool:https://db.satnogs.org:443 "GET /api/tle/?key=36ff1b885dafa497e93073092cdac1c9887e510c&format=json HTTP/1.1" 200 196301
INFO:root:LOGGING: writing to db
INFO:root:LOGGING: done writing to db
WARNING:root:WARNING: db outdated
DEBUG:urllib3.connectionpool:Starting new HTTPS connection (1): db.satnogs.org:443
DEBUG:urllib3.connectionpool:https://db.satnogs.org:443 "GET /api/satellites/?key=36ff1b885dafa497e93073092cdac1c9887e510c&format=json HTTP/1.1" 200 308662
DEBUG:urllib3.connectionpool:Starting new HTTPS connection (1): db.satnogs.org:443
DEBUG:urllib3.connectionpool:https://db.satnogs.org:443 "GET /api/transmitters/?key=36ff1b885dafa497e93073092cdac1c9887e510c&format=json HTTP/1.1" 200 794533
DEBUG:urllib3.connectionpool:Starting new HTTPS connection (1): db.satnogs.org:443
DEBUG:urllib3.connectionpool:https://db.satnogs.org:443 "GET /api/tle/?key=36ff1b885dafa497e93073092cdac1c9887e510c&format=json HTTP/1.1" 200 196301
INFO:root:LOGGING: writing to db
INFO:root:LOGGING: done writing to db
WARNING:root:WARNING: db outdated
DEBUG:urllib3.connectionpool:Starting new HTTPS connection (1): db.satnogs.org:443
DEBUG:urllib3.connectionpool:https://db.satnogs.org:443 "GET /api/satellites/?key=36ff1b885dafa497e93073092cdac1c9887e510c&format=json HTTP/1.1" 200 308662
DEBUG:urllib3.connectionpool:Starting new HTTPS connection (1): db.satnogs.org:443
DEBUG:urllib3.connectionpool:https://db.satnogs.org:443 "GET /api/transmitters/?key=36ff1b885dafa497e93073092cdac1c9887e510c&format=json HTTP/1.1" 200 794533
DEBUG:urllib3.connectionpool:Starting new HTTPS connection (1): db.satnogs.org:443
DEBUG:urllib3.connectionpool:https://db.satnogs.org:443 "GET /api/tle/?key=36ff1b885dafa497e93073092cdac1c9887e510c&format=json HTTP/1.1" 200 196301
INFO:root:LOGGING: writing to db
INFO:root:LOGGING: done writing to db
WARNING:root:WARNING: db outdated
DEBUG:urllib3.connectionpool:Starting new HTTPS connection (1): db.satnogs.org:443
DEBUG:urllib3.connectionpool:https://db.satnogs.org:443 "GET /api/satellites/?key=36ff1b885dafa497e93073092cdac1c9887e510c&format=json HTTP/1.1" 200 308662
DEBUG:urllib3.connectionpool:Starting new HTTPS connection (1): db.satnogs.org:443
DEBUG:urllib3.connectionpool:https://db.satnogs.org:443 "GET /api/transmitters/?key=36ff1b885dafa497e93073092cdac1c9887e510c&format=json HTTP/1.1" 200 794533
DEBUG:urllib3.connectionpool:Starting new HTTPS connection (1): db.satnogs.org:443
DEBUG:urllib3.connectionpool:https://db.satnogs.org:443 "GET /api/tle/?key=36ff1b885dafa497e93073092cdac1c9887e510c&format=json HTTP/1.1" 200 196301
INFO:root:LOGGING: writing to db
INFO:root:LOGGING: done writing to db
WARNING:root:WARNING: db outdated
DEBUG:urllib3.connectionpool:Starting new HTTPS connection (1): db.satnogs.org:443
DEBUG:urllib3.connectionpool:https://db.satnogs.org:443 "GET /api/satellites/?key=36ff1b885dafa497e93073092cdac1c9887e510c&format=json HTTP/1.1" 200 308662
DEBUG:urllib3.connectionpool:Starting new HTTPS connection (1): db.satnogs.org:443
DEBUG:urllib3.connectionpool:https://db.satnogs.org:443 "GET /api/transmitters/?key=36ff1b885dafa497e93073092cdac1c9887e510c&format=json HTTP/1.1" 200 794533
DEBUG:urllib3.connectionpool:Starting new HTTPS connection (1): db.satnogs.org:443
DEBUG:urllib3.connectionpool:https://db.satnogs.org:443 "GET /api/tle/?key=36ff1b885dafa497e93073092cdac1c9887e510c&format=json HTTP/1.1" 200 196301
INFO:root:LOGGING: writing to db
INFO:root:LOGGING: done writing to db
